Performing C SOURCE FILE Test HAVE_STRUCT_STAT_ST_MTIM failed with the following output:
Change Dir: /Users/sho/project/todolist/vendor/bundle/ruby/2.4.0/gems/rugged-0.25.0b4/vendor/libgit2/build/CMakeFiles/CMakeTmp

Run Build Command:"/usr/bin/make" "cmTC_de23c/fast"
/Applications/Xcode.app/Contents/Developer/usr/bin/make -f CMakeFiles/cmTC_de23c.dir/build.make CMakeFiles/cmTC_de23c.dir/build
Building C object CMakeFiles/cmTC_de23c.dir/src.c.o
/Applications/Xcode.app/Contents/Developer/Toolchains/XcodeDefault.xctoolchain/usr/bin/cc   -fPIC -DHAVE_STRUCT_STAT_ST_MTIM   -o CMakeFiles/cmTC_de23c.dir/src.c.o   -c /Users/sho/project/todolist/vendor/bundle/ruby/2.4.0/gems/rugged-0.25.0b4/vendor/libgit2/build/CMakeFiles/CMakeTmp/src.c
/Users/sho/project/todolist/vendor/bundle/ruby/2.4.0/gems/rugged-0.25.0b4/vendor/libgit2/build/CMakeFiles/CMakeTmp/src.c:7:37: error: no member named 'st_mtim' in 'struct stat'
   (void)sizeof(((struct stat *)0)->st_mtim);
                ~~~~~~~~~~~~~~~~~~  ^
1 error generated.
make[1]: *** [CMakeFiles/cmTC_de23c.dir/src.c.o] Error 1
make: *** [cmTC_de23c/fast] Error 2

Source file was:

#include <sys/types.h>
#include <sys/stat.h>

int main()
{
   (void)sizeof(((struct stat *)0)->st_mtim);
   return 0;
}

Performing C SOURCE FILE Test HAVE_STRUCT_STAT_MTIME_NSEC failed with the following output:
Change Dir: /Users/sho/project/todolist/vendor/bundle/ruby/2.4.0/gems/rugged-0.25.0b4/vendor/libgit2/build/CMakeFiles/CMakeTmp

Run Build Command:"/usr/bin/make" "cmTC_ec3ea/fast"
/Applications/Xcode.app/Contents/Developer/usr/bin/make -f CMakeFiles/cmTC_ec3ea.dir/build.make CMakeFiles/cmTC_ec3ea.dir/build
Building C object CMakeFiles/cmTC_ec3ea.dir/src.c.o
/Applications/Xcode.app/Contents/Developer/Toolchains/XcodeDefault.xctoolchain/usr/bin/cc   -fPIC -DHAVE_STRUCT_STAT_MTIME_NSEC   -o CMakeFiles/cmTC_ec3ea.dir/src.c.o   -c /Users/sho/project/todolist/vendor/bundle/ruby/2.4.0/gems/rugged-0.25.0b4/vendor/libgit2/build/CMakeFiles/CMakeTmp/src.c
/Users/sho/project/todolist/vendor/bundle/ruby/2.4.0/gems/rugged-0.25.0b4/vendor/libgit2/build/CMakeFiles/CMakeTmp/src.c:6:37: error: no member named 'st_mtime_nsec' in 'struct stat'; did you mean 'st_mtimespec'?
   (void)sizeof(((struct stat *)0)->st_mtime_nsec);
                                    ^~~~~~~~~~~~~
                                    st_mtimespec
/usr/include/sys/stat.h:182:13: note: 'st_mtimespec' declared here
struct stat __DARWIN_STRUCT_STAT64;
            ^
/usr/include/sys/stat.h:166:2: note: expanded from macro '__DARWIN_STRUCT_STAT64'
        __DARWIN_STRUCT_STAT64_TIMES \
        ^
/usr/include/sys/stat.h:130:18: note: expanded from macro '__DARWIN_STRUCT_STAT64_TIMES'
        struct timespec st_mtimespec;           /* time of last data modification */ \
                        ^
1 error generated.
make[1]: *** [CMakeFiles/cmTC_ec3ea.dir/src.c.o] Error 1
make: *** [cmTC_ec3ea/fast] Error 2

Source file was:

#include <sys/stat.h>

int main()
{
   (void)sizeof(((struct stat *)0)->st_mtime_nsec);
   return 0;
}

Determining if the function qsort_s exists failed with the following output:
Change Dir: /Users/sho/project/todolist/vendor/bundle/ruby/2.4.0/gems/rugged-0.25.0b4/vendor/libgit2/build/CMakeFiles/CMakeTmp

Run Build Command:"/usr/bin/make" "cmTC_6d27d/fast"
/Applications/Xcode.app/Contents/Developer/usr/bin/make -f CMakeFiles/cmTC_6d27d.dir/build.make CMakeFiles/cmTC_6d27d.dir/build
Building C object CMakeFiles/cmTC_6d27d.dir/CheckFunctionExists.c.o
/Applications/Xcode.app/Contents/Developer/Toolchains/XcodeDefault.xctoolchain/usr/bin/cc   -D_GNU_SOURCE -Wall -Wextra -fPIC -Wdocumentation -Wno-missing-field-initializers -Wstrict-aliasing=2 -Wstrict-prototypes -Wdeclaration-after-statement -Wno-unused-const-variable -Wno-unused-function -Wno-deprecated-declarations -DCHECK_FUNCTION_EXISTS=qsort_s   -o CMakeFiles/cmTC_6d27d.dir/CheckFunctionExists.c.o   -c /usr/local/Cellar/cmake/3.9.2/share/cmake/Modules/CheckFunctionExists.c
Linking C executable cmTC_6d27d
/usr/local/Cellar/cmake/3.9.2/bin/cmake -E cmake_link_script CMakeFiles/cmTC_6d27d.dir/link.txt --verbose=1
/Applications/Xcode.app/Contents/Developer/Toolchains/XcodeDefault.xctoolchain/usr/bin/cc -D_GNU_SOURCE -Wall -Wextra -fPIC -Wdocumentation -Wno-missing-field-initializers -Wstrict-aliasing=2 -Wstrict-prototypes -Wdeclaration-after-statement -Wno-unused-const-variable -Wno-unused-function -Wno-deprecated-declarations -DCHECK_FUNCTION_EXISTS=qsort_s -Wl,-search_paths_first -Wl,-headerpad_max_install_names   CMakeFiles/cmTC_6d27d.dir/CheckFunctionExists.c.o  -o cmTC_6d27d 
Undefined symbols for architecture x86_64:
  "_qsort_s", referenced from:
      _main in CheckFunctionExists.c.o
ld: symbol(s) not found for architecture x86_64
clang: error: linker command failed with exit code 1 (use -v to see invocation)
make[1]: *** [cmTC_6d27d] Error 1
make: *** [cmTC_6d27d/fast] Error 2


Determining if the function clock_gettime exists in the rt failed with the following output:
Change Dir: /Users/sho/project/todolist/vendor/bundle/ruby/2.4.0/gems/rugged-0.25.0b4/vendor/libgit2/build/CMakeFiles/CMakeTmp

Run Build Command:"/usr/bin/make" "cmTC_8e424/fast"
/Applications/Xcode.app/Contents/Developer/usr/bin/make -f CMakeFiles/cmTC_8e424.dir/build.make CMakeFiles/cmTC_8e424.dir/build
Building C object CMakeFiles/cmTC_8e424.dir/CheckFunctionExists.c.o
/Applications/Xcode.app/Contents/Developer/Toolchains/XcodeDefault.xctoolchain/usr/bin/cc   -D_GNU_SOURCE -Wall -Wextra -fPIC -Wdocumentation -Wno-missing-field-initializers -Wstrict-aliasing=2 -Wstrict-prototypes -Wdeclaration-after-statement -Wno-unused-const-variable -Wno-unused-function -Wno-deprecated-declarations -DCHECK_FUNCTION_EXISTS=clock_gettime   -o CMakeFiles/cmTC_8e424.dir/CheckFunctionExists.c.o   -c /usr/local/Cellar/cmake/3.9.2/share/cmake/Modules/CheckFunctionExists.c
Linking C executable cmTC_8e424
/usr/local/Cellar/cmake/3.9.2/bin/cmake -E cmake_link_script CMakeFiles/cmTC_8e424.dir/link.txt --verbose=1
/Applications/Xcode.app/Contents/Developer/Toolchains/XcodeDefault.xctoolchain/usr/bin/cc -D_GNU_SOURCE -Wall -Wextra -fPIC -Wdocumentation -Wno-missing-field-initializers -Wstrict-aliasing=2 -Wstrict-prototypes -Wdeclaration-after-statement -Wno-unused-const-variable -Wno-unused-function -Wno-deprecated-declarations -DCHECK_FUNCTION_EXISTS=clock_gettime -Wl,-search_paths_first -Wl,-headerpad_max_install_names   CMakeFiles/cmTC_8e424.dir/CheckFunctionExists.c.o  -o cmTC_8e424  -L/Users/sho/project/todolist/vendor/bundle/ruby/2.4.0/gems/rugged-0.25.0b4/vendor/libgit2/build/CMakeFiles/CMakeTmp/time.h -Wl,-rpath,/Users/sho/project/todolist/vendor/bundle/ruby/2.4.0/gems/rugged-0.25.0b4/vendor/libgit2/build/CMakeFiles/CMakeTmp/time.h -lrt 
ld: warning: directory not found for option '-L/Users/sho/project/todolist/vendor/bundle/ruby/2.4.0/gems/rugged-0.25.0b4/vendor/libgit2/build/CMakeFiles/CMakeTmp/time.h'
ld: library not found for -lrt
clang: error: linker command failed with exit code 1 (use -v to see invocation)
make[1]: *** [cmTC_8e424] Error 1
make: *** [cmTC_8e424/fast] Error 2


